<!DOCTYPE html>
<html lang="en">
<head>
    <meta charset="UTF-8">
    <meta name="viewport" content="width=device-width, initial-scale=1.0">
    <title>Login</title>
    <style>
        body {
            font-family: Arial, sans-serif;
        }
        .container {
            width: 300px;
            margin: 0 auto;
            padding: 20px;
            border: 1px solid #ccc;
            border-radius: 5px;
            box-shadow: 0 2px 5px rgba(0,0,0,0.1);
        }
        .container h2 {
            text-align: center;
        }
        .form-group {
            margin-bottom: 15px;
        }
        .form-group label {
            display: block;
            margin-bottom: 5px;
        }
        .form-group input {
            width: 100%;
            padding: 8px;
            border: 1px solid #ccc;
            border-radius: 3px;
        }
        .form-group input[type="submit"] {
            background-color: #007bff;
            color: #fff;
            cursor: pointer;
        }
    </style>
</head>
<body>
    <div class="container">
        <h2>Login</h2>
        <form action="login.php" method="post">
            <div class="form-group">
                <label for="username">Username</label>
                <input type="text" id="username" name="username" required>
            </div>
            <div class="form-group">
                <label for="password">Password</label>
                <input type="password" id="password" name="password" required>
            </div>
            <div class="form-group">
                <input type="submit" value="Login">
            </div>
        </form>
    </div>
</body>
</html>

